<?xml version="1.0" encoding="UTF-8"?>
<!-- Generated by org.testng.reporters.JUnitReportReporter -->
<testsuite skipped="0" hostname="LAPTOP-JD3JCJ7C" name="tests.SanityBuyProduct" tests="2" failures="0" timestamp="2021-03-02T18:50:21 IST" time="51.473" errors="0">
  <testcase name="searchProduct" time="23.173" classname="tests.SanityBuyProduct"/>
  <system-out/>
  <testcase name="getIntoProduct" time="28.300" classname="tests.SanityBuyProduct"/>
  <system-out/>
</testsuite> <!-- tests.SanityBuyProduct -->
