<?xml version="1.0" encoding="UTF-8"?>
<!-- Generated by org.testng.reporters.JUnitReportReporter -->
<testsuite hostname="EVGEN-PC" failures="0" tests="5" name="tests.SanityBuyProduct" time="15.496" errors="0" timestamp="2021-03-04T22:09:48 IST" skipped="0">
  <testcase classname="tests.SanityBuyProduct" name="searchProduct" time="4.989"/>
  <system-out/>
  <testcase classname="tests.SanityBuyProduct" name="getIntoProduct" time="3.900"/>
  <system-out/>
  <testcase classname="tests.SanityBuyProduct" name="EditProduct" time="0.520"/>
  <system-out/>
  <testcase classname="tests.SanityBuyProduct" name="AddtoCart" time="2.551"/>
  <system-out/>
  <testcase classname="tests.SanityBuyProduct" name="goToCart" time="3.536"/>
  <system-out/>
</testsuite> <!-- tests.SanityBuyProduct -->
